SF:lib\Database\db_manager.dart
DA:12,3
DA:16,1
DA:18,1
DA:21,2
DA:25,1
DA:26,2
DA:27,0
DA:29,0
DA:32,0
DA:38,0
DA:44,0
DA:47,1
DA:48,3
DA:49,0
DA:53,0
DA:54,0
DA:55,0
DA:59,0
DA:62,0
DA:63,0
DA:65,0
DA:69,0
DA:70,0
DA:71,0
LF:24
LH:8
end_of_record
SF:lib\Database\dataModels\tag.dart
DA:7,1
DA:13,0
DA:14,0
DA:15,0
DA:16,0
DA:17,0
DA:21,0
DA:22,0
DA:23,0
DA:24,0
DA:25,0
DA:29,0
DA:31,0
LF:13
LH:1
end_of_record
SF:lib\Database\dataModels\aggregate.dart
DA:11,0
DA:20,0
DA:21,0
DA:22,0
DA:23,0
DA:24,0
DA:25,0
DA:26,0
DA:30,0
DA:32,0
LF:10
LH:0
end_of_record
SF:lib\Database\dataModels\element.dart
DA:13,0
DA:25,0
DA:26,0
DA:27,0
DA:28,0
DA:29,0
DA:30,0
DA:31,0
DA:32,0
DA:33,0
DA:37,0
DA:39,0
LF:12
LH:0
end_of_record
